\BOOKMARK [0][]{chapter.1}{1 Introduction}{}% 1
\BOOKMARK [1][]{section.1.1}{1.1 Contexte}{chapter.1}% 2
\BOOKMARK [1][]{section.1.2}{1.2 Formulation du probl\350me de propagation d'interface}{chapter.1}% 3
\BOOKMARK [2][]{subsection.1.2.1}{1.2.1 Formulation lagrangienne traditionnelle}{section.1.2}% 4
\BOOKMARK [2][]{subsection.1.2.2}{1.2.2 Principe de Huygens avec condition d'entropie}{section.1.2}% 5
\BOOKMARK [1][]{section.1.3}{1.3 Cadre de la th\350se}{chapter.1}% 6
\BOOKMARK [1][]{section.1.4}{1.4 Repr\351sentation par les fronti\350res}{chapter.1}% 7
\BOOKMARK [1][]{section.1.5}{1.5 Contributions}{chapter.1}% 8
\BOOKMARK [1][]{section.1.6}{1.6 Organisation du manuscrit}{chapter.1}% 9
\BOOKMARK [0][]{chapter.2}{2 Algorithme de propagation d'interfaces r\351guli\350res par morceaux}{}% 10
\BOOKMARK [1][]{section.2.1}{2.1 Traitement des diff\351rentes entit\351s BRep}{chapter.2}% 11
\BOOKMARK [1][]{section.2.2}{2.2 Construction de l'enveloppe des sph\350res partielle}{chapter.2}% 12
\BOOKMARK [2][]{subsection.2.2.1}{2.2.1 Enveloppe d'une famille de sph\350res \340 un param\350tre}{section.2.2}% 13
\BOOKMARK [2][]{subsection.2.2.2}{2.2.2 Enveloppe d'une famille de sph\350res \340 deux param\350tres}{section.2.2}% 14
\BOOKMARK [1][]{section.2.3}{2.3 Application de la condition d'entropie}{chapter.2}% 15
\BOOKMARK [0][]{chapter.3}{3 M\351thode d'ordre \351lev\351 pour le suivi d'un carreau de surface}{}% 16
\BOOKMARK [1][]{section.3.1}{3.1 Discr\351tisation spectrale en espace}{chapter.3}% 17
\BOOKMARK [2][]{subsection.3.1.1}{3.1.1 \311tat de l'art}{section.3.1}% 18
\BOOKMARK [2][]{subsection.3.1.2}{3.1.2 Polyn\364mes de Chebyshev}{section.3.1}% 19
\BOOKMARK [2][]{subsection.3.1.3}{3.1.3 Repr\351sentation de surfaces}{section.3.1}% 20
\BOOKMARK [1][]{section.3.2}{3.2 Int\351gration temporelle}{chapter.3}% 21
\BOOKMARK [2][]{subsection.3.2.1}{3.2.1 Advection dans un champ de vecteurs vitesse donn\351}{section.3.2}% 22
\BOOKMARK [2][]{subsection.3.2.2}{3.2.2 Approximation de l'enveloppe des sph\350res}{section.3.2}% 23
\BOOKMARK [1][]{section.3.3}{3.3 Am\351lioration de la stabilit\351}{chapter.3}% 24
\BOOKMARK [2][]{subsection.3.3.1}{3.3.1 R\351duction de l'erreur d'aliasing}{section.3.3}% 25
\BOOKMARK [2][]{subsection.3.3.2}{3.3.2 Pr\351vention des singularit\351s g\351om\351triques}{section.3.3}% 26
\BOOKMARK [0][]{chapter.4}{4 D\351formation de maillage surfacique}{}% 27
\BOOKMARK [1][]{section.4.1}{4.1 \311tat de l'art}{chapter.4}% 28
\BOOKMARK [2][]{subsection.4.1.1}{4.1.1 Simulation num\351rique dans une g\351om\351trie d\351formable}{section.4.1}% 29
\BOOKMARK [2][]{subsection.4.1.2}{4.1.2 G\351n\351ration de maillage surfacique bas\351 sur un mod\350le BRep}{section.4.1}% 30
\BOOKMARK [2][]{subsection.4.1.3}{4.1.3 Optimisation/Adaptation de maillage surfacique}{section.4.1}% 31
\BOOKMARK [1][]{section.4.2}{4.2 Probl\351matiques}{chapter.4}% 32
\BOOKMARK [2][]{subsection.4.2.1}{4.2.1 Lien entre le maillage et le mod\350le BRep}{section.4.2}% 33
\BOOKMARK [1][]{section.4.3}{4.3 D\351formation de maillage conforme aux faces BRep}{chapter.4}% 34
\BOOKMARK [2][]{subsection.4.3.1}{4.3.1 Limitations}{section.4.3}% 35
\BOOKMARK [1][]{section.4.4}{4.4 D\351formation de maillage trans-carreaux}{chapter.4}% 36
\BOOKMARK [2][]{subsection.4.4.1}{4.4.1 Construction d'une structure d'hypergraphe}{section.4.4}% 37
\BOOKMARK [2][]{subsection.4.4.2}{4.4.2 \253 Transition \273 d'un instant au suivant}{section.4.4}% 38
\BOOKMARK [2][]{subsection.4.4.3}{4.4.3 Optimisation de maillage trans-carreaux}{section.4.4}% 39
\BOOKMARK [0][]{chapter.5}{5 Adaptation d'un maillage de surface dynamique}{}% 40
\BOOKMARK [1][]{section.5.1}{5.1 Probl\351matique et \351tat de l'art}{chapter.5}% 41
\BOOKMARK [2][]{subsection.5.1.1}{5.1.1 Simulation num\351rique avec une g\351om\351trie d\351formable}{section.5.1}% 42
\BOOKMARK [2][]{subsection.5.1.2}{5.1.2 G\351n\351ration de maillage surfacique bas\351 sur un mod\350le BRep}{section.5.1}% 43
\BOOKMARK [2][]{subsection.5.1.3}{5.1.3 Optimisation de maillage surfacique}{section.5.1}% 44
\BOOKMARK [1][]{section.5.2}{5.2 Lien entre mod\350le BRep et maillage trans-carreaux}{chapter.5}% 45
\BOOKMARK [2][]{subsection.5.2.1}{5.2.1 Construction d'une structure d'hypergraphe}{section.5.2}% 46
\BOOKMARK [1][]{section.5.3}{5.3 D\351formation de maillage trans-carreaux bas\351 sur un mod\350le BRep dynamique}{chapter.5}% 47
\BOOKMARK [2][]{subsection.5.3.1}{5.3.1 Correspondance d'hypergraphes}{section.5.3}% 48
\BOOKMARK [2][]{subsection.5.3.2}{5.3.2 R\351g\351n\351ration du maillage contraint}{section.5.3}% 49
\BOOKMARK [2][]{subsection.5.3.3}{5.3.3 Untanglement}{section.5.3}% 50
\BOOKMARK [2][]{subsection.5.3.4}{5.3.4 Optimisation par bouger de n\234ud}{section.5.3}% 51
\BOOKMARK [2][]{subsection.5.3.5}{5.3.5 Optimisation par reconnections locales}{section.5.3}% 52
\BOOKMARK [0][]{section*.3}{Bibliographie}{}% 53
